mode: set
app.skillcaptain/go-sqlmock/main.go:16.36,20.16 3 0
app.skillcaptain/go-sqlmock/main.go:20.16,22.3 1 0
app.skillcaptain/go-sqlmock/main.go:23.2,23.16 1 0
app.skillcaptain/go-sqlmock/main.go:26.51,29.25 2 1
app.skillcaptain/go-sqlmock/main.go:29.25,31.3 1 0
app.skillcaptain/go-sqlmock/main.go:32.2,32.12 1 1
app.skillcaptain/go-sqlmock/main.go:35.13,44.16 3 0
app.skillcaptain/go-sqlmock/main.go:44.16,45.41 1 0
app.skillcaptain/go-sqlmock/main.go:49.2,50.16 2 0
app.skillcaptain/go-sqlmock/main.go:50.16,51.33 1 0
app.skillcaptain/go-sqlmock/main.go:54.2,54.43 1 0
