mode: set
app.skillcaptain/go-sqlmock/exampleValidation.go:10.38,14.2 2 1
app.skillcaptain/go-sqlmock/exampleValidation.go:16.49,18.24 1 1
app.skillcaptain/go-sqlmock/exampleValidation.go:18.24,20.3 1 0
app.skillcaptain/go-sqlmock/exampleValidation.go:23.2,23.57 1 1
app.skillcaptain/go-sqlmock/exampleValidation.go:23.57,25.3 1 1
app.skillcaptain/go-sqlmock/exampleValidation.go:28.2,29.25 2 1
app.skillcaptain/go-sqlmock/exampleValidation.go:29.25,31.3 1 0
app.skillcaptain/go-sqlmock/exampleValidation.go:32.2,32.12 1 1
app.skillcaptain/go-sqlmock/exampleValidation.go:35.30,38.16 2 0
app.skillcaptain/go-sqlmock/exampleValidation.go:38.16,39.41 1 0
app.skillcaptain/go-sqlmock/exampleValidation.go:43.2,50.16 3 0
app.skillcaptain/go-sqlmock/exampleValidation.go:50.16,51.47 1 0
app.skillcaptain/go-sqlmock/exampleValidation.go:54.2,54.40 1 0
app.skillcaptain/go-sqlmock/main.go:16.36,20.16 3 0
app.skillcaptain/go-sqlmock/main.go:20.16,22.3 1 0
app.skillcaptain/go-sqlmock/main.go:23.2,23.16 1 0
app.skillcaptain/go-sqlmock/main.go:26.51,29.25 2 1
app.skillcaptain/go-sqlmock/main.go:29.25,31.3 1 0
app.skillcaptain/go-sqlmock/main.go:32.2,32.12 1 1
app.skillcaptain/go-sqlmock/main.go:35.13,42.2 3 0
app.skillcaptain/go-sqlmock/main.go:47.16,54.16 3 0
app.skillcaptain/go-sqlmock/main.go:54.16,55.41 1 0
app.skillcaptain/go-sqlmock/main.go:58.2,59.16 2 0
app.skillcaptain/go-sqlmock/main.go:59.16,60.33 1 0
